Arguments: 
  D:\Program Files\nodejs\node.exe C:\Users\SeverHo\AppData\Roaming\npm\node_modules\yarn\bin\yarn.js

PATH: 
  D:\Program Files (x86)\NetSarang\Xftp 6\;D:\Program Files (x86)\NetSarang\Xshell 6\;C:\Program Files (x86)\Common Files\Oracle\Java\javapath;C:\Windows\system32;C:\Windows;C:\Windows\System32\Wbem;C:\Windows\System32\WindowsPowerShell\v1.0\;C:\Program Files (x86)\NVIDIA Corporation\PhysX\Common;D:\Program Files\Intel\WiFi\bin\;C:\Program Files\Common Files\Intel\WirelessCommon\;D:\Vagrant\bin;D:\Program Files\TortoiseSVN\bin;D:\Program Files\go\bin;D:\Program Files\Java\jdk1.8.0_151\bin;D:\Program Files\Java\jdk1.8.0_151\jre\bin;D:\Program Files\nodejs\;D:\Program Files\Git\cmd;D:\Program Files\Intel\WiFi\bin\;C:\Program Files\Common Files\Intel\WirelessCommon\;D:\Program Files\Microsoft VS Code\bin;C:\Users\SeverHo\AppData\Local\Programs\Fiddler;D:\Program Files (x86)\Fiddler;C:\Users\SeverHo\AppData\Roaming\npm

Yarn version: 
  1.3.2

Node version: 
  10.15.3

Platform: 
  win32 x64

npm manifest: 
  {
    "name": "template",
    "version": "1.0.0",
    "description": "template",
    "scripts": {
      "dev": "vuepress dev docs",
      "build": "vuepress build docs"
    },
    "keywords": [
      "vuepress",
      "theme",
      "material design"
    ],
    "dependencies": {
      "vuepress-theme-indigo-material": "^1.0.11",
      "@vssue/api-github-v3": "0.7.5",
      "element-ui": "2.5.4",
      "vssue": "0.9.1"
    },
    "devDependencies": {
      "babel-eslint": "8.2.6",
      "babel-plugin-component": "1.1.1",
      "eslint": "5.0.0",
      "eslint-plugin-vue": "5.2.2",
      "moment": "2.24.0",
      "node-sass": "4.11.0",
      "sass-loader": "7.1.0",
      "vuepress": "1.0.0-alpha.47"
    }
  }

yarn manifest: 
  No manifest

Lockfile: 
  No lockfile

Trace: 
  Error: ENOENT: no such file or directory, scandir 'D:\myprojects\blog\node_modules\source-map-url'
